<?xml version="1.0" encoding="UTF-8"?>
<testsuite xmlns:xsi="http://www.w3.org/2001/XMLSchema-instance" xsi:noNamespaceSchemaLocation="https://maven.apache.org/surefire/maven-surefire-plugin/xsd/surefire-test-report-3.0.xsd" version="3.0" name="com.factory.locator.PositioningServiceTest" time="4.105" tests="2" errors="0" skipped="0" failures="0">
  <properties>
[...]
</properties>
  <testcase name="shouldLocateDeviceFromMockScan" classname="com.factory.locator.PositioningServiceTest" time="2.68">
    <system-out><![CDATA[21:45:31.141 [main] INFO org.springframework.test.context.support.AnnotationConfigContextLoaderUtils -- Could not detect default configuration classes for test class [com.factory.locator.PositioningServiceTest]: PositioningServiceTest does not declare any static, non-private, non-final, nested classes annotated with @Configuration.
21:45:31.209 [main] INFO org.springframework.boot.test.context.SpringBootTestContextBootstrapper -- Found @SpringBootConfiguration com.factory.locator.FactoryLocatorApplication for test class com.factory.locator.PositioningServiceTest

  .   ____          _            __ _ _
 /\\ / ___'_ __ _ _(_)_ __  __ _ \ \ \ \
( ( )\___ | '_ | '_| | '_ \/ _` | \ \ \ \
 \\/  ___)| |_)| | | | | || (_| |  ) ) ) )
  '  |____| .__|_| |_|_| |_\__, | / / / /
 =========|_|==============|___/=/_/_/_/

 :: Spring Boot ::                (v3.3.5)

2026-04-26T21:45:31.525+08:00  INFO 10368 --- [factory-locator-server] [           main] c.f.locator.PositioningServiceTest       : Starting PositioningServiceTest using Java 17.0.16 with PID 10368 (started by 22847 in D:\coding\C\esp-32-c5\esp-rps\server-java)
2026-04-26T21:45:31.527+08:00  INFO 10368 --- [factory-locator-server] [           main] c.f.locator.PositioningServiceTest       : No active profile set, falling back to 1 default profile: "default"
2026-04-26T21:45:32.420+08:00  INFO 10368 --- [factory-locator-server] [           main] c.f.locator.PositioningServiceTest       : Started PositioningServiceTest in 1.103 seconds (process running for 1.807)
2026-04-26T21:45:35.060+08:00  INFO 10368 --- [factory-locator-server] [           main] c.f.locator.service.PositioningService   : Locate request matched 5 known APs out of 5 scan results
]]></system-out>
  </testcase>
  <testcase name="shouldConvertStrongerRssiToShorterDistance" classname="com.factory.locator.PositioningServiceTest" time="0.002"/>
</testsuite>